       Fresh proc-macro2 v1.0.106
       Fresh quote v1.0.45
       Fresh once_cell v1.21.4
       Fresh syn v2.0.118
       Fresh rustversion v1.0.22
       Fresh bumpalo v3.20.3
       Fresh unicode-ident v1.0.24
       Fresh zeroize_derive v1.5.0
       Fresh wasm-bindgen-macro-support v0.2.125
       Fresh wasm-bindgen-shared v0.2.125
       Fresh zeroize v1.9.0
       Fresh wasm-bindgen-macro v0.2.125
       Fresh futures-core v0.3.32
       Fresh pin-project-lite v0.2.17
       Fresh futures-sink v0.3.32
       Fresh wasm-bindgen v0.2.125
       Fresh serde_derive v1.0.228
       Fresh futures-channel v0.3.32
       Fresh futures-macro v0.3.32
       Fresh futures-task v0.3.32
       Fresh subtle v2.6.1
       Fresh futures-io v0.3.32
       Fresh slab v0.4.12
       Fresh futures-util v0.3.32
       Fresh version_check v0.9.5
       Fresh js-sys v0.3.102
       Fresh arrayvec v0.7.6
       Fresh getrandom v0.2.17
       Fresh rand_core v0.10.1
       Fresh rand_core v0.6.4
       Fresh generic-array v0.14.7
       Fresh crypto-common v0.1.7
       Fresh const-oid v0.10.2
       Fresh const-oid v0.9.6
       Fresh getrandom v0.4.3
       Fresh cmov v0.5.4
       Fresh block-buffer v0.10.4
       Fresh ctutils v0.4.2
       Fresh digest v0.10.7
       Fresh unicode-segmentation v1.13.3
       Fresh convert_case v0.10.0
       Fresh ruint-macro v1.2.1
       Fresh unicode-xid v0.2.6
       Fresh derive_more-impl v2.1.1
       Fresh serde_core v1.0.228
       Fresh base16ct v0.2.0
       Fresh paste v1.0.15
       Fresh der v0.7.10
       Fresh hmac v0.12.1
       Fresh signature v2.2.0
       Fresh ff v0.13.1
       Fresh serde v1.0.228
       Fresh group v0.13.0
       Fresh sec1 v0.7.3
       Fresh sha2 v0.10.9
       Fresh crypto-bigint v0.5.5
       Fresh alloy-rlp-derive v0.3.15
       Fresh foldhash v0.2.0
       Fresh alloy-rlp v0.3.15
       Fresh elliptic-curve v0.13.8
       Fresh spki v0.7.3
       Fresh rfc6979 v0.4.0
       Fresh ecdsa v0.16.9
       Fresh k256 v0.13.4
       Fresh smallvec v1.15.2
       Fresh typenum v1.20.1
       Fresh synstructure v0.13.2
       Fresh hybrid-array v0.4.12
       Fresh cfg-if v1.0.4
       Fresh crypto-common v0.2.2
       Fresh block-buffer v0.12.1
       Fresh thiserror-impl v2.0.18
       Fresh thiserror v2.0.18
       Fresh digest v0.11.3
       Fresh keccak v0.2.0
       Fresh zerofrom-derive v0.1.7
       Fresh cpufeatures v0.2.17
       Fresh itoa v1.0.18
       Fresh heck v0.5.0
       Fresh const-hex v1.19.1
       Fresh zmij v1.0.21
       Fresh sha3 v0.11.0
       Fresh zerofrom v0.1.8
       Fresh yoke-derive v0.8.2
       Fresh bytes v1.12.0
       Fresh derive_more v2.1.1
       Fresh ruint v1.18.0
       Fresh stable_deref_trait v1.2.1
       Fresh memchr v2.8.2
       Fresh shlex v2.0.1
       Fresh rustc-hash v2.1.2
       Fresh find-msvc-tools v0.1.9
       Fresh cc v1.2.64
       Fresh alloy-primitives v1.6.0
       Fresh yoke v0.8.3
       Fresh serde_json v1.0.150
       Fresh syn-solidity v1.6.0
       Fresh zerovec-derive v0.11.3
       Fresh macro-string v0.2.0
       Fresh proc-macro-error-attr2 v2.0.0
       Fresh hashbrown v0.17.1
       Fresh dunce v1.0.5
       Fresh proc-macro-error2 v2.0.1
       Fresh zerovec v0.11.6
       Fresh alloy-sol-macro-input v1.6.0
       Fresh indexmap v2.14.0
       Fresh displaydoc v0.2.6
       Fresh tracing-attributes v0.1.31
       Fresh tracing-core v0.1.36
       Fresh winnow v1.0.3
       Fresh ident_case v1.0.1
       Fresh strsim v0.11.1
       Fresh alloy-sol-type-parser v1.6.0
       Fresh darling_core v0.23.0
       Fresh tracing v0.1.44
       Fresh alloy-sol-macro-expander v1.6.0
       Fresh auto_impl v1.3.0
       Fresh alloy-json-abi v1.6.0
       Fresh darling_macro v0.23.0
       Fresh alloy-sol-macro v1.6.0
       Fresh either v1.16.0
       Fresh darling v0.23.0
       Fresh alloy-sol-types v1.6.0
       Fresh zerocopy v0.8.52
       Fresh tinystr v0.8.3
       Fresh litemap v0.8.2
       Fresh writeable v0.6.3
       Fresh ppv-lite86 v0.2.21
       Fresh zerotrie v0.2.4
       Fresh potential_utf v0.1.5
       Fresh icu_locale_core v2.2.0
       Fresh utf8_iter v1.0.4
       Fresh crc-catalog v2.5.0
       Fresh icu_collections v2.2.0
       Fresh crc v3.4.0
       Fresh icu_provider v2.2.0
       Fresh serde_with_macros v3.21.0
       Fresh icu_normalizer_data v2.2.0
       Fresh icu_properties_data v2.2.0
       Fresh serde_with v3.21.0
       Fresh alloy-eip2124 v0.2.0
       Fresh alloy-serde v2.1.0
       Fresh alloy-eip7928 v0.4.4
       Fresh alloy-eip7702 v0.6.3
       Fresh alloy-eip2930 v0.2.3
       Fresh nybbles v0.4.8
       Fresh alloy-trie v0.9.5
       Fresh alloy-eips v2.1.0
       Fresh icu_properties v2.2.0
       Fresh icu_normalizer v2.2.0
       Fresh alloy-tx-macros v2.1.0
       Fresh http v1.4.2
       Fresh scopeguard v1.2.0
       Fresh alloy-consensus v2.1.0
       Fresh parking_lot_core v0.9.12
       Fresh idna_adapter v1.2.2
       Fresh lock_api v0.4.14
       Fresh itertools v0.14.0
       Fresh percent-encoding v2.3.2
       Fresh form_urlencoded v1.2.2
       Fresh idna v1.1.0
       Fresh alloy-json-rpc v2.1.0
       Fresh rand_chacha v0.3.1
       Fresh hex-conservative v0.3.2
       Fresh futures-executor v0.3.32
       Fresh sync_wrapper v1.0.2
       Fresh autocfg v1.5.1
       Fresh futures-utils-wasm v0.1.0
       Fresh futures v0.3.32
       Fresh bitcoin-internals v0.5.0
       Fresh bitcoin-io v0.1.4
       Fresh rand v0.8.6
       Fresh url v2.5.8
       Fresh parking_lot v0.12.5
       Fresh alloy-network-primitives v2.1.0
       Fresh alloy-consensus-any v2.1.0
       Fresh hex-conservative v0.2.2
       Fresh tokio-macros v2.7.0
       Fresh tower-layer v0.3.3
       Fresh pin-utils v0.1.0
       Fresh base64 v0.22.1
       Fresh tower-service v0.3.3
       Fresh wasmtimer v0.4.3
       Fresh tower v0.5.3
       Fresh bitcoin_hashes v0.14.2
       Fresh alloy-rpc-types-eth v2.1.0
       Dirty secp256k1-sys v0.10.1: the env variable CFLAGS changed
   Compiling secp256k1-sys v0.10.1
       Fresh tokio v1.52.3
       Fresh der v0.8.0
     Running `/app/target/debug/build/secp256k1-sys-b397a16683d04d6a/build-script-build`
       Fresh cpubits v0.1.1
       Fresh num-traits v0.2.19
       Fresh tokio-util v0.7.18
       Fresh alloy-transport v2.1.0
       Fresh bitcoin-consensus-encoding v0.1.0
       Fresh ff v0.14.0
       Fresh wasm-bindgen-futures v0.4.75
       Fresh web-sys v0.3.102
       Fresh async-trait v0.1.89
       Fresh bech32 v0.11.1
       Fresh alloy-signer v2.1.0
       Fresh reqwest v0.13.4
       Fresh tokio-stream v0.1.18
       Fresh crypto-bigint v0.7.4
       Fresh getrandom v0.3.4
       Fresh hex_lit v0.1.1
       Fresh spki v0.8.0
       Fresh alloy-rpc-types-any v2.1.0
       Fresh base58ck v0.1.1
       Fresh strum_macros v0.27.2
       Fresh bitcoin-units v0.1.4
       Fresh num_enum_derive v0.7.6
       Fresh pin-project-internal v1.1.13
       Fresh base16ct v1.0.0
       Fresh base64 v0.21.7
       Fresh equivalent v1.0.2
       Fresh semver v1.0.28
       Fresh bimap v0.6.3
       Fresh allocator-api2 v0.2.21
       Fresh rustc_version v0.4.1
       Fresh alloy-pubsub v2.1.0
       Fresh hashbrown v0.16.1
       Fresh sec1 v0.8.1
       Fresh num_enum v0.7.6
       Fresh pin-project v1.1.13
       Fresh strum v0.27.2
   Compiling secp256k1-sys v0.11.0
       Fresh alloy-network v2.1.0
       Fresh pkcs8 v0.11.0
     Running `/app/target/debug/build/secp256k1-sys-fa0ed08eb07cc519/build-script-build`
       Fresh rand_core v0.9.5
       Fresh alloy-transport-http v2.1.0
       Fresh crossbeam-utils v0.8.21
       Fresh group v0.14.0
       Fresh bitcoin_hashes v0.20.0
       Fresh hmac v0.13.0
       Fresh inout v0.1.4
       Fresh async-stream-impl v0.3.6
       Fresh hashbrown v0.14.5
       Fresh dashmap v6.2.1
       Fresh async-stream v0.3.6
       Fresh cipher v0.4.4
       Dirty secp256k1-sys v0.12.0: the env variable CFLAGS changed
   Compiling secp256k1-sys v0.12.0
       Fresh elliptic-curve v0.14.0-rc.35
     Running `/app/target/debug/build/secp256k1-sys-8c4a7cbe1f5e9c8f/build-script-build`
       Fresh rand_chacha v0.9.0
   Compiling alloy-rpc-client v2.1.0
     Running `/home/jules/.rustup/toolchains/stable-x86_64-unknown-linux-gnu/bin/rustc --crate-name alloy_rpc_client --edition=2021 /home/jules/.cargo/registry/src/index.crates.io-1949cf8c6b5b557f/alloy-rpc-client-2.1.0/src/lib.rs --error-format=json --json=diagnostic-rendered-ansi,artifacts,future-incompat --crate-type lib --emit=dep-info,metadata,link -C embed-bitcode=no -C debuginfo=2 '--warn=clippy::all' '--warn=clippy::use-self' --deny=unused-must-use --warn=unreachable-pub --warn=unnameable-types --deny=rust-2018-idioms '--allow=clippy::result-large-err' '--warn=clippy::redundant-clone' --warn=missing-docs --warn=missing-debug-implementations '--warn=clippy::missing-const-for-fn' '--allow=clippy::large-enum-variant' '--warn=rustdoc::all' --cfg 'feature="alloy-transport-http"' --cfg 'feature="pubsub"' --cfg 'feature="reqwest"' --check-cfg 'cfg(docsrs,test)' --check-cfg 'cfg(feature, values("alloy-transport-http", "default", "hyper", "ipc", "pubsub", "reqwest", "ws", "ws-base", "ws-native-tls", "ws-ring"))' -C metadata=7caa88cbb3489ab0 -C extra-filename=-c497be3226636d5b --out-dir /app/target/wasm32-unknown-unknown/debug/deps --target wasm32-unknown-unknown -L dependency=/app/target/wasm32-unknown-unknown/debug/deps -L dependency=/app/target/debug/deps --extern alloy_json_rpc=/app/target/wasm32-unknown-unknown/debug/deps/liballoy_json_rpc-9737116e0da18155.rmeta --extern alloy_primitives=/app/target/wasm32-unknown-unknown/debug/deps/liballoy_primitives-4e571dbeaae22b2e.rmeta --extern alloy_pubsub=/app/target/wasm32-unknown-unknown/debug/deps/liballoy_pubsub-77b0895bbdea57a3.rmeta --extern alloy_transport=/app/target/wasm32-unknown-unknown/debug/deps/liballoy_transport-7f545445c174d7b6.rmeta --extern alloy_transport_http=/app/target/wasm32-unknown-unknown/debug/deps/liballoy_transport_http-8a23b673833590bd.rmeta --extern futures=/app/target/wasm32-unknown-unknown/debug/deps/libfutures-16ae6fc2bccb41cc.rmeta --extern pin_project=/app/target/wasm32-unknown-unknown/debug/deps/libpin_project-f683fb3d36cca2a0.rmeta --extern reqwest=/app/target/wasm32-unknown-unknown/debug/deps/libreqwest-1de23742b52d02c0.rmeta --extern serde=/app/target/wasm32-unknown-unknown/debug/deps/libserde-1ac01d4faddd63d4.rmeta --extern serde_json=/app/target/wasm32-unknown-unknown/debug/deps/libserde_json-396fee38b0c7fcee.rmeta --extern tokio=/app/target/wasm32-unknown-unknown/debug/deps/libtokio-98b3d5e79a072a00.rmeta --extern tokio_stream=/app/target/wasm32-unknown-unknown/debug/deps/libtokio_stream-fa31f01c4c831626.rmeta --extern tower=/app/target/wasm32-unknown-unknown/debug/deps/libtower-7035b222b021ea99.rmeta --extern tracing=/app/target/wasm32-unknown-unknown/debug/deps/libtracing-b6ce42770417095e.rmeta --extern url=/app/target/wasm32-unknown-unknown/debug/deps/liburl-a4804ce35e8b149e.rmeta --extern wasmtimer=/app/target/wasm32-unknown-unknown/debug/deps/libwasmtimer-050d45d1c570cec0.rlib --cap-lints allow --cfg 'getrandom_backend="wasm_js"'`
   Compiling alloy-chains v0.2.34
     Running `/home/jules/.rustup/toolchains/stable-x86_64-unknown-linux-gnu/bin/rustc --crate-name alloy_chains --edition=2024 /home/jules/.cargo/registry/src/index.crates.io-1949cf8c6b5b557f/alloy-chains-0.2.34/src/lib.rs --error-format=json --json=diagnostic-rendered-ansi,artifacts,future-incompat --crate-type lib --emit=dep-info,metadata,link -C embed-bitcode=no -C debuginfo=2 --check-cfg 'cfg(docsrs,test)' --check-cfg 'cfg(feature, values("arbitrary", "default", "rlp", "schema", "serde", "std"))' -C metadata=5cebe9c24ee0bf3a -C extra-filename=-d25bfb30313eed05 --out-dir /app/target/wasm32-unknown-unknown/debug/deps --target wasm32-unknown-unknown -L dependency=/app/target/wasm32-unknown-unknown/debug/deps -L dependency=/app/target/debug/deps --extern alloy_primitives=/app/target/wasm32-unknown-unknown/debug/deps/liballoy_primitives-4e571dbeaae22b2e.rmeta --extern num_enum=/app/target/wasm32-unknown-unknown/debug/deps/libnum_enum-b1984d73273bd297.rmeta --extern strum=/app/target/wasm32-unknown-unknown/debug/deps/libstrum-200068a790d9643d.rmeta --cap-lints allow --cfg 'getrandom_backend="wasm_js"'`
   Compiling lru v0.16.4
     Running `/home/jules/.rustup/toolchains/stable-x86_64-unknown-linux-gnu/bin/rustc --crate-name lru --edition=2015 /home/jules/.cargo/registry/src/index.crates.io-1949cf8c6b5b557f/lru-0.16.4/src/lib.rs --error-format=json --json=diagnostic-rendered-ansi,artifacts,future-incompat --crate-type lib --emit=dep-info,metadata,link -C embed-bitcode=no -C debuginfo=2 --cfg 'feature="default"' --cfg 'feature="hashbrown"' --check-cfg 'cfg(docsrs,test)' --check-cfg 'cfg(feature, values("default", "hashbrown", "nightly"))' -C metadata=d39a2a8703c4ece3 -C extra-filename=-64e2729b6cd571ef --out-dir /app/target/wasm32-unknown-unknown/debug/deps --target wasm32-unknown-unknown -L dependency=/app/target/wasm32-unknown-unknown/debug/deps -L dependency=/app/target/debug/deps --extern hashbrown=/app/target/wasm32-unknown-unknown/debug/deps/libhashbrown-dd879bf653df9406.rmeta --cap-lints allow --cfg 'getrandom_backend="wasm_js"'`
   Compiling alloy-dyn-abi v1.6.0
     Running `/home/jules/.rustup/toolchains/stable-x86_64-unknown-linux-gnu/bin/rustc --crate-name alloy_dyn_abi --edition=2024 /home/jules/.cargo/registry/src/index.crates.io-1949cf8c6b5b557f/alloy-dyn-abi-1.6.0/src/lib.rs --error-format=json --json=diagnostic-rendered-ansi,artifacts,future-incompat --crate-type lib --emit=dep-info,metadata,link -C embed-bitcode=no -C debuginfo=2 '--warn=clippy::use-self' --warn=unused-must-use --warn=unreachable-pub --warn=unnameable-types '--warn=clippy::uninlined-format-args' --warn=rust-2018-idioms --warn=redundant-lifetimes '--warn=clippy::redundant-clone' --warn=missing-docs --warn=missing-debug-implementations --warn=missing-copy-implementations '--warn=clippy::missing-const-for-fn' '--warn=clippy::manual-string-new' '--warn=clippy::dbg-macro' '--warn=rustdoc::all' --cfg 'feature="default"' --cfg 'feature="std"' --check-cfg 'cfg(docsrs,test)' --check-cfg 'cfg(feature, values("arbitrary", "debug", "default", "eip712", "std"))' -C metadata=053f356ee5526e21 -C extra-filename=-bd1157759ee65dd9 --out-dir /app/target/wasm32-unknown-unknown/debug/deps --target wasm32-unknown-unknown -L dependency=/app/target/wasm32-unknown-unknown/debug/deps -L dependency=/app/target/debug/deps --extern alloy_json_abi=/app/target/wasm32-unknown-unknown/debug/deps/liballoy_json_abi-68ce53bb94f59be4.rmeta --extern alloy_primitives=/app/target/wasm32-unknown-unknown/debug/deps/liballoy_primitives-4e571dbeaae22b2e.rmeta --extern alloy_sol_type_parser=/app/target/wasm32-unknown-unknown/debug/deps/liballoy_sol_type_parser-59bd087487bf9587.rmeta --extern alloy_sol_types=/app/target/wasm32-unknown-unknown/debug/deps/liballoy_sol_types-b43041ca771f3016.rmeta --extern itoa=/app/target/wasm32-unknown-unknown/debug/deps/libitoa-d686965541095fd8.rmeta --extern winnow=/app/target/wasm32-unknown-unknown/debug/deps/libwinnow-23ee865fb72767dc.rmeta --cap-lints allow --cfg 'getrandom_backend="wasm_js"'`
   Compiling universal-hash v0.5.1
     Running `/home/jules/.rustup/toolchains/stable-x86_64-unknown-linux-gnu/bin/rustc --crate-name universal_hash --edition=2021 /home/jules/.cargo/registry/src/index.crates.io-1949cf8c6b5b557f/universal-hash-0.5.1/src/lib.rs --error-format=json --json=diagnostic-rendered-ansi,artifacts,future-incompat --crate-type lib --emit=dep-info,metadata,link -C embed-bitcode=no -C debuginfo=2 --check-cfg 'cfg(docsrs,test)' --check-cfg 'cfg(feature, values("std"))' -C metadata=6f3a7a3712824055 -C extra-filename=-01546e01d0ab2629 --out-dir /app/target/wasm32-unknown-unknown/debug/deps --target wasm32-unknown-unknown -L dependency=/app/target/wasm32-unknown-unknown/debug/deps -L dependency=/app/target/debug/deps --extern crypto_common=/app/target/wasm32-unknown-unknown/debug/deps/libcrypto_common-3518fd87bd277927.rmeta --extern subtle=/app/target/wasm32-unknown-unknown/debug/deps/libsubtle-9f03652cf9c55f86.rmeta --cap-lints allow --cfg 'getrandom_backend="wasm_js"'`
   Compiling opaque-debug v0.3.1
     Running `/home/jules/.rustup/toolchains/stable-x86_64-unknown-linux-gnu/bin/rustc --crate-name opaque_debug --edition=2018 /home/jules/.cargo/registry/src/index.crates.io-1949cf8c6b5b557f/opaque-debug-0.3.1/src/lib.rs --error-format=json --json=diagnostic-rendered-ansi,artifacts,future-incompat --crate-type lib --emit=dep-info,metadata,link -C embed-bitcode=no -C debuginfo=2 --check-cfg 'cfg(docsrs,test)' --check-cfg 'cfg(feature, values())' -C metadata=e01f68d01a46fece -C extra-filename=-166ff854a9999a50 --out-dir /app/target/wasm32-unknown-unknown/debug/deps --target wasm32-unknown-unknown -L dependency=/app/target/wasm32-unknown-unknown/debug/deps -L dependency=/app/target/debug/deps --cap-lints allow --cfg 'getrandom_backend="wasm_js"'`
   Compiling polyval v0.6.2
     Running `/home/jules/.rustup/toolchains/stable-x86_64-unknown-linux-gnu/bin/rustc --crate-name polyval --edition=2021 /home/jules/.cargo/registry/src/index.crates.io-1949cf8c6b5b557f/polyval-0.6.2/src/lib.rs --error-format=json --json=diagnostic-rendered-ansi,artifacts,future-incompat --crate-type lib --emit=dep-info,metadata,link -C embed-bitcode=no -C debuginfo=2 --check-cfg 'cfg(docsrs,test)' --check-cfg 'cfg(feature, values("std", "zeroize"))' -C metadata=9e6f8108d0378310 -C extra-filename=-7058d85dbff07793 --out-dir /app/target/wasm32-unknown-unknown/debug/deps --target wasm32-unknown-unknown -L dependency=/app/target/wasm32-unknown-unknown/debug/deps -L dependency=/app/target/debug/deps --extern cfg_if=/app/target/wasm32-unknown-unknown/debug/deps/libcfg_if-9eac061585c6e3a7.rmeta --extern opaque_debug=/app/target/wasm32-unknown-unknown/debug/deps/libopaque_debug-166ff854a9999a50.rmeta --extern universal_hash=/app/target/wasm32-unknown-unknown/debug/deps/libuniversal_hash-01546e01d0ab2629.rmeta --cap-lints allow --cfg 'getrandom_backend="wasm_js"'`
   Compiling alloy-provider v2.1.0
     Running `/home/jules/.rustup/toolchains/stable-x86_64-unknown-linux-gnu/bin/rustc --crate-name alloy_provider --edition=2021 /home/jules/.cargo/registry/src/index.crates.io-1949cf8c6b5b557f/alloy-provider-2.1.0/src/lib.rs --error-format=json --json=diagnostic-rendered-ansi,artifacts,future-incompat --crate-type lib --emit=dep-info,metadata,link -C embed-bitcode=no -C debuginfo=2 '--warn=clippy::all' '--warn=clippy::use-self' --deny=unused-must-use --warn=unreachable-pub --warn=unnameable-types --deny=rust-2018-idioms '--allow=clippy::result-large-err' '--warn=clippy::redundant-clone' --warn=missing-docs --warn=missing-debug-implementations '--warn=clippy::missing-const-for-fn' '--allow=clippy::large-enum-variant' '--warn=rustdoc::all' --cfg 'feature="pubsub"' --cfg 'feature="reqwest"' --check-cfg 'cfg(docsrs,test)' --check-cfg 'cfg(feature, values("admin-api", "alloy-transport-ipc", "anvil-api", "anvil-node", "debug-api", "default", "engine-api", "erc4337-api", "hyper", "hyper-tls", "ipc", "mev-api", "more-tuple-impls", "net-api", "pubsub", "reqwest", "reqwest-default-tls", "reqwest-native-tls", "reqwest-rustls-tls", "rpc-api", "tenderly-admin-api", "tenderly-api", "throttle", "trace-api", "txpool-api", "ws", "ws-base", "ws-native-tls", "ws-ring"))' -C metadata=30b609861dabe372 -C extra-filename=-0d3c21cea3ba27f7 --out-dir /app/target/wasm32-unknown-unknown/debug/deps --target wasm32-unknown-unknown -L dependency=/app/target/wasm32-unknown-unknown/debug/deps -L dependency=/app/target/debug/deps --extern alloy_chains=/app/target/wasm32-unknown-unknown/debug/deps/liballoy_chains-d25bfb30313eed05.rmeta --extern alloy_consensus=/app/target/wasm32-unknown-unknown/debug/deps/liballoy_consensus-7973ba65d66a6acf.rmeta --extern alloy_eips=/app/target/wasm32-unknown-unknown/debug/deps/liballoy_eips-b537650806b67ab7.rmeta --extern alloy_json_rpc=/app/target/wasm32-unknown-unknown/debug/deps/liballoy_json_rpc-9737116e0da18155.rmeta --extern alloy_network=/app/target/wasm32-unknown-unknown/debug/deps/liballoy_network-b39e4187be9f4c66.rmeta --extern alloy_network_primitives=/app/target/wasm32-unknown-unknown/debug/deps/liballoy_network_primitives-1cea7b20309bce8c.rmeta --extern alloy_primitives=/app/target/wasm32-unknown-unknown/debug/deps/liballoy_primitives-4e571dbeaae22b2e.rmeta --extern alloy_pubsub=/app/target/wasm32-unknown-unknown/debug/deps/liballoy_pubsub-77b0895bbdea57a3.rmeta --extern alloy_rpc_client=/app/target/wasm32-unknown-unknown/debug/deps/liballoy_rpc_client-c497be3226636d5b.rmeta --extern alloy_rpc_types_eth=/app/target/wasm32-unknown-unknown/debug/deps/liballoy_rpc_types_eth-5422ac5afacbc81d.rmeta --extern alloy_signer=/app/target/wasm32-unknown-unknown/debug/deps/liballoy_signer-48bf0944a0d23cdc.rmeta --extern alloy_sol_types=/app/target/wasm32-unknown-unknown/debug/deps/liballoy_sol_types-b43041ca771f3016.rmeta --extern alloy_transport=/app/target/wasm32-unknown-unknown/debug/deps/liballoy_transport-7f545445c174d7b6.rmeta --extern alloy_transport_http=/app/target/wasm32-unknown-unknown/debug/deps/liballoy_transport_http-8a23b673833590bd.rmeta --extern async_stream=/app/target/wasm32-unknown-unknown/debug/deps/libasync_stream-0be0beacf157c762.rmeta --extern async_trait=/app/target/debug/deps/libasync_trait-5684fbd012ba2a84.so --extern auto_impl=/app/target/debug/deps/libauto_impl-cf6ff5b67708e9cd.so --extern dashmap=/app/target/wasm32-unknown-unknown/debug/deps/libdashmap-7f165d9347a236f3.rmeta --extern either=/app/target/wasm32-unknown-unknown/debug/deps/libeither-f3c437cf87fcc4c4.rmeta --extern futures=/app/target/wasm32-unknown-unknown/debug/deps/libfutures-16ae6fc2bccb41cc.rmeta --extern futures_utils_wasm=/app/target/wasm32-unknown-unknown/debug/deps/libfutures_utils_wasm-69836b9f065119c9.rmeta --extern lru=/app/target/wasm32-unknown-unknown/debug/deps/liblru-64e2729b6cd571ef.rmeta --extern pin_project=/app/target/wasm32-unknown-unknown/debug/deps/libpin_project-f683fb3d36cca2a0.rmeta --extern reqwest=/app/target/wasm32-unknown-unknown/debug/deps/libreqwest-1de23742b52d02c0.rmeta --extern serde=/app/target/wasm32-unknown-unknown/debug/deps/libserde-1ac01d4faddd63d4.rmeta --extern serde_json=/app/target/wasm32-unknown-unknown/debug/deps/libserde_json-396fee38b0c7fcee.rmeta --extern thiserror=/app/target/wasm32-unknown-unknown/debug/deps/libthiserror-5e58569650773653.rmeta --extern tokio=/app/target/wasm32-unknown-unknown/debug/deps/libtokio-98b3d5e79a072a00.rmeta --extern tracing=/app/target/wasm32-unknown-unknown/debug/deps/libtracing-b6ce42770417095e.rmeta --extern url=/app/target/wasm32-unknown-unknown/debug/deps/liburl-a4804ce35e8b149e.rmeta --extern wasmtimer=/app/target/wasm32-unknown-unknown/debug/deps/libwasmtimer-050d45d1c570cec0.rlib --cap-lints allow --cfg 'getrandom_backend="wasm_js"'`
     Running `/home/jules/.rustup/toolchains/stable-x86_64-unknown-linux-gnu/bin/rustc --crate-name secp256k1_sys --edition=2021 /home/jules/.cargo/registry/src/index.crates.io-1949cf8c6b5b557f/secp256k1-sys-0.10.1/src/lib.rs --error-format=json --json=diagnostic-rendered-ansi,artifacts,future-incompat --crate-type lib --emit=dep-info,metadata,link -C embed-bitcode=no -C debuginfo=2 --deny=unexpected_cfgs --cfg 'feature="alloc"' --cfg 'feature="recovery"' --cfg 'feature="std"' --check-cfg 'cfg(docsrs,test)' --check-cfg 'cfg(feature, values("alloc", "default", "lowmemory", "recovery", "std"))' -C metadata=3559d60c909d450a -C extra-filename=-88957202dba3f636 --out-dir /app/target/wasm32-unknown-unknown/debug/deps --target wasm32-unknown-unknown -L dependency=/app/target/wasm32-unknown-unknown/debug/deps -L dependency=/app/target/debug/deps --cap-lints allow --cfg 'getrandom_backend="wasm_js"' -L native=/app/target/wasm32-unknown-unknown/debug/build/secp256k1-sys-90f71fe717f2d570/out -l static=secp256k1`
     Running `/home/jules/.rustup/toolchains/stable-x86_64-unknown-linux-gnu/bin/rustc --crate-name secp256k1_sys --edition=2021 /home/jules/.cargo/registry/src/index.crates.io-1949cf8c6b5b557f/secp256k1-sys-0.12.0/src/lib.rs --error-format=json --json=diagnostic-rendered-ansi,artifacts,future-incompat --crate-type lib --emit=dep-info,metadata,link -C embed-bitcode=no -C debuginfo=2 '--allow=clippy::uninlined_format_args' --deny=unexpected_cfgs '--allow=clippy::similar_names' '--allow=clippy::must_use_candidate' '--allow=clippy::match_same_arms' '--allow=clippy::match_bool' '--allow=clippy::large_enum_variant' '--allow=clippy::indexing_slicing' --check-cfg 'cfg(bench)' --check-cfg 'cfg(secp256k1_fuzz)' --check-cfg 'cfg(rust_secp_no_symbol_renaming)' --cfg 'feature="alloc"' --cfg 'feature="recovery"' --cfg 'feature="std"' --check-cfg 'cfg(docsrs,test)' --check-cfg 'cfg(feature, values("alloc", "default", "lowmemory", "recovery", "std"))' -C metadata=a8b9d48e226162ed -C extra-filename=-79cbde25179d72e4 --out-dir /app/target/wasm32-unknown-unknown/debug/deps --target wasm32-unknown-unknown -L dependency=/app/target/wasm32-unknown-unknown/debug/deps -L dependency=/app/target/debug/deps --cap-lints allow --cfg 'getrandom_backend="wasm_js"' -L native=/app/target/wasm32-unknown-unknown/debug/build/secp256k1-sys-48e1fa9470fe56aa/out -l static=secp256k1`
       Dirty secp256k1 v0.29.1: info of dependency `secp256k1-sys` changed
   Compiling secp256k1 v0.29.1
     Running `/home/jules/.rustup/toolchains/stable-x86_64-unknown-linux-gnu/bin/rustc --crate-name secp256k1 --edition=2021 /home/jules/.cargo/registry/src/index.crates.io-1949cf8c6b5b557f/secp256k1-0.29.1/src/lib.rs --error-format=json --json=diagnostic-rendered-ansi,artifacts,future-incompat --crate-type lib --emit=dep-info,metadata,link -C embed-bitcode=no -C debuginfo=2 --deny=unexpected_cfgs --cfg 'feature="alloc"' --cfg 'feature="hashes"' --cfg 'feature="rand"' --cfg 'feature="rand-std"' --cfg 'feature="recovery"' --cfg 'feature="serde"' --cfg 'feature="std"' --check-cfg 'cfg(docsrs,test)' --check-cfg 'cfg(feature, values("alloc", "default", "global-context", "global-context-less-secure", "hashes", "hashes-std", "lowmemory", "rand", "rand-std", "recovery", "serde", "std"))' -C metadata=0340c925c10c5914 -C extra-filename=-2961d67f63e4989c --out-dir /app/target/wasm32-unknown-unknown/debug/deps --target wasm32-unknown-unknown -L dependency=/app/target/wasm32-unknown-unknown/debug/deps -L dependency=/app/target/debug/deps --extern hashes=/app/target/wasm32-unknown-unknown/debug/deps/libbitcoin_hashes-24d84a9842b27cd2.rmeta --extern rand=/app/target/wasm32-unknown-unknown/debug/deps/librand-541a3860a6c07e7f.rmeta --extern secp256k1_sys=/app/target/wasm32-unknown-unknown/debug/deps/libsecp256k1_sys-88957202dba3f636.rmeta --extern serde=/app/target/wasm32-unknown-unknown/debug/deps/libserde-1ac01d4faddd63d4.rmeta --cap-lints allow --cfg 'getrandom_backend="wasm_js"' -L native=/app/target/wasm32-unknown-unknown/debug/build/secp256k1-sys-90f71fe717f2d570/out`
   Compiling rand v0.9.4
     Running `/home/jules/.rustup/toolchains/stable-x86_64-unknown-linux-gnu/bin/rustc --crate-name rand --edition=2021 /home/jules/.cargo/registry/src/index.crates.io-1949cf8c6b5b557f/rand-0.9.4/src/lib.rs --error-format=json --json=diagnostic-rendered-ansi,artifacts,future-incompat --crate-type lib --emit=dep-info,metadata,link -C embed-bitcode=no -C debuginfo=2 --cfg 'feature="alloc"' --cfg 'feature="os_rng"' --cfg 'feature="std"' --cfg 'feature="std_rng"' --cfg 'feature="thread_rng"' --check-cfg 'cfg(docsrs,test)' --check-cfg 'cfg(feature, values("alloc", "default", "log", "nightly", "os_rng", "serde", "simd_support", "small_rng", "std", "std_rng", "thread_rng", "unbiased"))' -C metadata=837c3c77c9cc58f5 -C extra-filename=-1940ce6b04bbb965 --out-dir /app/target/wasm32-unknown-unknown/debug/deps --target wasm32-unknown-unknown -L dependency=/app/target/wasm32-unknown-unknown/debug/deps -L dependency=/app/target/debug/deps --extern rand_chacha=/app/target/wasm32-unknown-unknown/debug/deps/librand_chacha-d37ce3df72adfb17.rmeta --extern rand_core=/app/target/wasm32-unknown-unknown/debug/deps/librand_core-5faa8d39bab4edd5.rmeta --cap-lints allow --cfg 'getrandom_backend="wasm_js"'`
       Dirty bitcoin v0.32.10: info of dependency `secp256k1` changed
   Compiling bitcoin v0.32.10
     Running `/home/jules/.rustup/toolchains/stable-x86_64-unknown-linux-gnu/bin/rustc --crate-name bitcoin --edition=2021 /home/jules/.cargo/registry/src/index.crates.io-1949cf8c6b5b557f/bitcoin-0.32.10/src/lib.rs --error-format=json --json=diagnostic-rendered-ansi,artifacts,future-incompat --crate-type lib --emit=dep-info,metadata,link -C embed-bitcode=no -C debuginfo=2 --deny=unexpected_cfgs --check-cfg 'cfg(bench)' --check-cfg 'cfg(fuzzing)' --check-cfg 'cfg(kani)' --check-cfg 'cfg(mutate)' --check-cfg 'cfg(rust_v_1_60)' --check-cfg 'cfg(rust_v_1_61)' --check-cfg 'cfg(rust_v_1_64)' --cfg 'feature="actual-serde"' --cfg 'feature="base64"' --cfg 'feature="rand-std"' --cfg 'feature="secp-recovery"' --cfg 'feature="serde"' --cfg 'feature="std"' --check-cfg 'cfg(docsrs,test)' --check-cfg 'cfg(feature, values("actual-arbitrary", "actual-serde", "arbitrary", "base64", "bitcoinconsensus", "bitcoinconsensus-std", "default", "ordered", "rand", "rand-std", "secp-lowmemory", "secp-recovery", "serde", "std"))' -C metadata=2a27d194e9599a97 -C extra-filename=-f901b735f805e614 --out-dir /app/target/wasm32-unknown-unknown/debug/deps --target wasm32-unknown-unknown -L dependency=/app/target/wasm32-unknown-unknown/debug/deps -L dependency=/app/target/debug/deps --extern base58=/app/target/wasm32-unknown-unknown/debug/deps/libbase58ck-6fcd565dfa9032c4.rmeta --extern base64=/app/target/wasm32-unknown-unknown/debug/deps/libbase64-6feddd0dd8b0a613.rmeta --extern bech32=/app/target/wasm32-unknown-unknown/debug/deps/libbech32-23821c214b9f1f7c.rmeta --extern io=/app/target/wasm32-unknown-unknown/debug/deps/libbitcoin_io-eca62437acdc38cc.rmeta --extern units=/app/target/wasm32-unknown-unknown/debug/deps/libbitcoin_units-62f4a1eb23917254.rmeta --extern hashes=/app/target/wasm32-unknown-unknown/debug/deps/libbitcoin_hashes-24d84a9842b27cd2.rmeta --extern hex=/app/target/wasm32-unknown-unknown/debug/deps/libhex_conservative-d66e0e2771bd9859.rmeta --extern hex_lit=/app/target/wasm32-unknown-unknown/debug/deps/libhex_lit-39340837224169f3.rmeta --extern secp256k1=/app/target/wasm32-unknown-unknown/debug/deps/libsecp256k1-2961d67f63e4989c.rmeta --extern actual_serde=/app/target/wasm32-unknown-unknown/debug/deps/libserde-1ac01d4faddd63d4.rmeta --cap-lints allow --cfg 'getrandom_backend="wasm_js"' -L native=/app/target/wasm32-unknown-unknown/debug/build/secp256k1-sys-90f71fe717f2d570/out --cfg rust_v_1_56 --cfg rust_v_1_57 --cfg rust_v_1_58 --cfg rust_v_1_59 --cfg rust_v_1_60 --cfg rust_v_1_61 --cfg rust_v_1_62 --cfg rust_v_1_63 --cfg rust_v_1_64 --cfg rust_v_1_65 --cfg rust_v_1_66 --cfg rust_v_1_67 --cfg rust_v_1_68 --cfg rust_v_1_69 --cfg rust_v_1_70 --cfg rust_v_1_71 --cfg rust_v_1_72 --cfg rust_v_1_73 --cfg rust_v_1_74 --cfg rust_v_1_75 --cfg rust_v_1_76 --cfg rust_v_1_77 --cfg rust_v_1_78 --cfg rust_v_1_79 --cfg rust_v_1_80 --cfg rust_v_1_81 --cfg rust_v_1_82 --cfg rust_v_1_83 --cfg rust_v_1_84 --cfg rust_v_1_85 --cfg rust_v_1_86 --cfg rust_v_1_87 --cfg rust_v_1_88 --cfg rust_v_1_89 --cfg rust_v_1_90 --cfg rust_v_1_91 --cfg rust_v_1_92 --cfg rust_v_1_93 --cfg rust_v_1_94`
   Compiling rfc6979 v0.6.0-pre.0
     Running `/home/jules/.rustup/toolchains/stable-x86_64-unknown-linux-gnu/bin/rustc --crate-name rfc6979 --edition=2024 /home/jules/.cargo/registry/src/index.crates.io-1949cf8c6b5b557f/rfc6979-0.6.0-pre.0/src/lib.rs --error-format=json --json=diagnostic-rendered-ansi,artifacts,future-incompat --crate-type lib --emit=dep-info,metadata,link -C embed-bitcode=no -C debuginfo=2 '--warn=clippy::unwrap_used' --warn=unused_qualifications --warn=unused_lifetimes --forbid=unsafe_code --warn=unreachable_pub '--warn=clippy::unnecessary_safety_comment' '--warn=clippy::undocumented_unsafe_blocks' '--warn=clippy::trivially_copy_pass_by_ref' --warn=trivial_numeric_casts --warn=trivial_casts '--warn=clippy::std_instead_of_core' '--warn=clippy::std_instead_of_alloc' '--warn=clippy::semicolon_if_nothing_returned' '--warn=clippy::return_self_not_must_use' '--warn=clippy::ref_as_ptr' '--warn=clippy::redundant_closure_for_method_calls' '--warn=clippy::ptr_as_ptr' '--allow=clippy::needless_range_loop' '--warn=clippy::must_use_candidate' '--warn=clippy::mod_module_files' '--warn=clippy::missing_panics_doc' '--warn=clippy::missing_errors_doc' --warn=missing_docs --warn=missing_debug_implementations --warn=missing_copy_implementations '--warn=clippy::map_unwrap_or' '--warn=clippy::manual_assert' '--warn=clippy::integer_division_remainder_used' '--warn=clippy::implicit_saturating_sub' '--warn=clippy::from_iter_instead_of_collect' '--warn=clippy::checked_conversions' '--warn=clippy::cast_sign_loss' '--warn=clippy::cast_precision_loss' '--warn=clippy::cast_possible_wrap' '--warn=clippy::cast_possible_truncation' '--warn=clippy::cast_lossless' '--warn=clippy::borrow_as_ptr' '--warn=clippy::as_conversions' --check-cfg 'cfg(docsrs,test)' --check-cfg 'cfg(feature, values())' -C metadata=6fa4b5ffba991228 -C extra-filename=-a85094ceef9d0445 --out-dir /app/target/wasm32-unknown-unknown/debug/deps --target wasm32-unknown-unknown -L dependency=/app/target/wasm32-unknown-unknown/debug/deps -L dependency=/app/target/debug/deps --extern ctutils=/app/target/wasm32-unknown-unknown/debug/deps/libctutils-7f285f1bfd6f4476.rmeta --extern hmac=/app/target/wasm32-unknown-unknown/debug/deps/libhmac-ede444731aa4bfd1.rmeta --cap-lints allow --cfg 'getrandom_backend="wasm_js"'`
   Compiling primefield v0.14.0-rc.12
     Running `/home/jules/.rustup/toolchains/stable-x86_64-unknown-linux-gnu/bin/rustc --crate-name primefield --edition=2024 /home/jules/.cargo/registry/src/index.crates.io-1949cf8c6b5b557f/primefield-0.14.0-rc.12/src/lib.rs --error-format=json --json=diagnostic-rendered-ansi,artifacts,future-incompat --crate-type lib --emit=dep-info,metadata,link -C embed-bitcode=no -C debuginfo=2 --check-cfg 'cfg(docsrs,test)' --check-cfg 'cfg(feature, values())' -C metadata=3c07a6c5810b2361 -C extra-filename=-2079549177ba2bac --out-dir /app/target/wasm32-unknown-unknown/debug/deps --target wasm32-unknown-unknown -L dependency=/app/target/wasm32-unknown-unknown/debug/deps -L dependency=/app/target/debug/deps --extern bigint=/app/target/wasm32-unknown-unknown/debug/deps/libcrypto_bigint-447cdc98716e09da.rmeta --extern common=/app/target/wasm32-unknown-unknown/debug/deps/libcrypto_common-9111a08be408a0ff.rmeta --extern ff=/app/target/wasm32-unknown-unknown/debug/deps/libff-fb95493cc51c6041.rmeta --extern rand_core=/app/target/wasm32-unknown-unknown/debug/deps/librand_core-335c15b1fdc608c0.rmeta --extern subtle=/app/target/wasm32-unknown-unknown/debug/deps/libsubtle-9f03652cf9c55f86.rmeta --extern zeroize=/app/target/wasm32-unknown-unknown/debug/deps/libzeroize-5d4bafad26e44a26.rmeta --cap-lints allow --cfg 'getrandom_backend="wasm_js"'`
   Compiling bitcoin-units v0.3.0
     Running `/home/jules/.rustup/toolchains/stable-x86_64-unknown-linux-gnu/bin/rustc --crate-name bitcoin_units --edition=2021 /home/jules/.cargo/registry/src/index.crates.io-1949cf8c6b5b557f/bitcoin-units-0.3.0/src/lib.rs --error-format=json --json=diagnostic-rendered-ansi,artifacts,future-incompat --crate-type lib --emit=dep-info,metadata,link -C embed-bitcode=no -C debuginfo=2 '--warn=clippy::zero_sized_map_values' '--warn=clippy::wildcard_imports' '--warn=clippy::verbose_bit_mask' '--warn=clippy::used_underscore_items' '--warn=clippy::used_underscore_binding' '--warn=clippy::use_self' '--warn=clippy::unused_self' '--warn=clippy::unused_async' '--warn=clippy::unsafe_derive_deserialize' '--warn=clippy::unreadable_literal' '--warn=clippy::unnested_or_patterns' '--warn=clippy::unnecessary_wraps' '--warn=clippy::unnecessary_literal_bound' '--warn=clippy::unnecessary_join' '--warn=clippy::unnecessary_box_returns' '--allow=clippy::uninlined_format_args' '--warn=clippy::unicode_not_nfc' --deny=unexpected_cfgs '--warn=clippy::unchecked_time_subtraction' '--warn=clippy::trivially_copy_pass_by_ref' '--warn=clippy::transmute_ptr_to_ptr' '--warn=clippy::too_many_lines' '--allow=clippy::struct_field_names' '--warn=clippy::struct_excessive_bools' '--warn=clippy::string_add_assign' '--warn=clippy::str_split_at_newline' '--warn=clippy::stable_sort_primitive' '--warn=clippy::single_match_else' '--warn=clippy::single_char_pattern' '--allow=clippy::similar_names' '--warn=clippy::should_panic_without_expect' '--warn=clippy::semicolon_if_nothing_returned' '--warn=clippy::same_functions_in_if_condition' '--warn=clippy::return_self_not_must_use' '--warn=clippy::ref_option_ref' '--warn=clippy::ref_option' '--warn=clippy::ref_binding_to_reference' '--warn=clippy::ref_as_ptr' '--warn=clippy::redundant_else' '--warn=clippy::redundant_closure_for_method_calls' '--warn=clippy::redundant_clone' '--warn=clippy::range_plus_one' '--warn=clippy::range_minus_one' '--warn=clippy::pub_underscore_fields' '--warn=clippy::ptr_cast_constness' '--warn=clippy::ptr_as_ptr' '--warn=clippy::option_option' '--warn=clippy::option_as_ref_cloned' '--warn=clippy::no_mangle_with_rust_abi' '--warn=clippy::no_effect_underscore_binding' '--warn=clippy::needless_raw_string_hashes' '--allow=clippy::needless_question_mark' '--warn=clippy::needless_pass_by_value' '--warn=clippy::needless_for_each' '--warn=clippy::needless_continue' '--warn=clippy::needless_bitwise_bool' '--warn=clippy::naive_bytecount' '--warn=clippy::mut_mut' '--allow=clippy::must_use_candidate' '--warn=clippy::missing_panics_doc' '--warn=clippy::missing_fields_in_debug' '--warn=clippy::missing_errors_doc' '--warn=clippy::mismatching_type_param_order' '--warn=clippy::maybe_infinite_iter' '--warn=clippy::match_wildcard_for_single_variants' '--warn=clippy::match_wild_err_arm' '--allow=clippy::match_same_arms' '--allow=clippy::match_bool' '--warn=clippy::map_unwrap_or' '--warn=clippy::many_single_char_names' '--warn=clippy::manual_string_new' '--allow=clippy::manual_range_contains' '--warn=clippy::manual_ok_or' '--warn=clippy::manual_let_else' '--warn=clippy::manual_is_variant_and' '--warn=clippy::manual_is_power_of_two' '--warn=clippy::manual_instant_elapsed' '--warn=clippy::manual_assert' '--warn=clippy::macro_use_imports' '--warn=clippy::linkedlist' '--warn=clippy::large_types_passed_by_value' '--warn=clippy::large_stack_arrays' '--warn=clippy::large_futures' '--warn=clippy::large_digit_groups' '--warn=clippy::iter_without_into_iter' '--warn=clippy::iter_not_returning_iterator' '--warn=clippy::iter_filter_is_some' '--warn=clippy::iter_filter_is_ok' '--warn=clippy::items_after_statements' '--warn=clippy::invalid_upcast_comparisons' '--warn=clippy::into_iter_without_iter' '--warn=clippy::inline_always' '--warn=clippy::inefficient_to_string' '--warn=clippy::index_refutable_slice' '--warn=clippy::inconsistent_struct_constructor' '--warn=clippy::implicit_hasher' '--warn=clippy::implicit_clone' '--warn=clippy::ignored_unit_patterns' '--warn=clippy::if_not_else' '--warn=clippy::from_iter_instead_of_collect' '--warn=clippy::fn_params_excessive_bools' '--allow=clippy::float_cmp' '--warn=clippy::flat_map_option' '--warn=clippy::filter_map_next' '--warn=clippy::explicit_iter_loop' '--warn=clippy::explicit_into_iter_loop' '--warn=clippy::explicit_deref_methods' '--warn=clippy::expl_impl_clone_on_copy' '--warn=clippy::enum_glob_use' '--warn=clippy::empty_enums' '--warn=clippy::doc_markdown' '--warn=clippy::doc_link_with_quotes' '--warn=clippy::default_trait_access' '--warn=clippy::copy_iterator' '--warn=clippy::cloned_instead_of_copied' '--warn=clippy::checked_conversions' '--allow=clippy::cast_sign_loss' '--warn=clippy::cast_ptr_alignment' '--warn=clippy::cast_precision_loss' '--allow=clippy::cast_possible_wrap' '--allow=clippy::cast_possible_truncation' '--warn=clippy::cast_lossless' '--warn=clippy::case_sensitive_file_extension_comparisons' '--warn=clippy::borrow_as_ptr' '--warn=clippy::bool_to_int_with_if' '--warn=clippy::assigning_clones' --check-cfg 'cfg(bench)' --check-cfg 'cfg(fuzzing)' --check-cfg 'cfg(kani)' --cfg 'feature="alloc"' --cfg 'feature="encoding"' --cfg 'feature="std"' --check-cfg 'cfg(docsrs,test)' --check-cfg 'cfg(feature, values("alloc", "arbitrary", "default", "encoding", "serde", "std"))' -C metadata=42fa2da7ac9b5c19 -C extra-filename=-d8d7e8767d56bc41 --out-dir /app/target/wasm32-unknown-unknown/debug/deps --target wasm32-unknown-unknown -L dependency=/app/target/wasm32-unknown-unknown/debug/deps -L dependency=/app/target/debug/deps --extern encoding=/app/target/wasm32-unknown-unknown/debug/deps/libbitcoin_consensus_encoding-6fcd29ca73a96f3f.rmeta --extern internals=/app/target/wasm32-unknown-unknown/debug/deps/libbitcoin_internals-306443042c4b38c8.rmeta --cap-lints allow --cfg 'getrandom_backend="wasm_js"'`
warning: secp256k1-sys@0.11.0: In file included from depend/secp256k1/src/secp256k1.c:39:
warning: secp256k1-sys@0.11.0: depend/secp256k1/src/hsort_impl.h:30:5: error: call to undeclared library function 'memmove' with type 'void *(void *, const void *, unsigned long)'; ISO C99 and later do not support implicit function declarations [-Wimplicit-function-declaration]
warning: secp256k1-sys@0.11.0:    30 |     memmove(a, b, len);
warning: secp256k1-sys@0.11.0:       |     ^
warning: secp256k1-sys@0.11.0: depend/secp256k1/src/hsort_impl.h:30:5: note: include the header <string.h> or explicitly provide a declaration for 'memmove'
warning: secp256k1-sys@0.11.0: 1 error generated.
warning: secp256k1-sys@0.11.0: In file included from depend/secp256k1/src/secp256k1.c:39:
warning: secp256k1-sys@0.11.0: depend/secp256k1/src/hsort_impl.h:30:5: error: call to undeclared library function 'memmove' with type 'void *(void *, const void *, unsigned long)'; ISO C99 and later do not support implicit function declarations [-Wimplicit-function-declaration]
warning: secp256k1-sys@0.11.0:    30 |     memmove(a, b, len);
warning: secp256k1-sys@0.11.0:       |     ^
warning: secp256k1-sys@0.11.0: depend/secp256k1/src/hsort_impl.h:30:5: note: include the header <string.h> or explicitly provide a declaration for 'memmove'
warning: secp256k1-sys@0.11.0: 1 error generated.
error: failed to run custom build command for `secp256k1-sys v0.11.0`

Caused by:
  process didn't exit successfully: `/app/target/debug/build/secp256k1-sys-fa0ed08eb07cc519/build-script-build` (exit status: 1)
  --- stdout
  cargo:rerun-if-env-changed=CC_FORCE_DISABLE
  CC_FORCE_DISABLE = None
  cargo:rerun-if-env-changed=CC_wasm32-unknown-unknown
  CC_wasm32-unknown-unknown = None
  cargo:rerun-if-env-changed=CC_wasm32_unknown_unknown
  CC_wasm32_unknown_unknown = None
  cargo:rerun-if-env-changed=TARGET_CC
  TARGET_CC = None
  cargo:rerun-if-env-changed=CC
  CC = None
  cargo:rerun-if-env-changed=CC_ENABLE_DEBUG_OUTPUT
  cargo:rerun-if-env-changed=CRATE_CC_NO_DEFAULTS
  CRATE_CC_NO_DEFAULTS = None
  cargo:rerun-if-env-changed=CFLAGS
  CFLAGS = Some(-include string.h)
  cargo:rerun-if-env-changed=CC_SHELL_ESCAPED_FLAGS
  CC_SHELL_ESCAPED_FLAGS = None
  cargo:rerun-if-env-changed=TARGET_CFLAGS
  TARGET_CFLAGS = None
  cargo:rerun-if-env-changed=CFLAGS_wasm32_unknown_unknown
  CFLAGS_wasm32_unknown_unknown = None
  cargo:rerun-if-env-changed=CFLAGS_wasm32-unknown-unknown
  CFLAGS_wasm32-unknown-unknown = None
  cargo:rerun-if-env-changed=CC_ENABLE_DEBUG_OUTPUT
  cargo:rerun-if-env-changed=CRATE_CC_NO_DEFAULTS
  CRATE_CC_NO_DEFAULTS = None
  cargo:rerun-if-env-changed=CFLAGS
  CFLAGS = Some(-include string.h)
  cargo:rerun-if-env-changed=CC_SHELL_ESCAPED_FLAGS
  CC_SHELL_ESCAPED_FLAGS = None
  cargo:rerun-if-env-changed=TARGET_CFLAGS
  TARGET_CFLAGS = None
  cargo:rerun-if-env-changed=CFLAGS_wasm32_unknown_unknown
  CFLAGS_wasm32_unknown_unknown = None
  cargo:rerun-if-env-changed=CFLAGS_wasm32-unknown-unknown
  CFLAGS_wasm32-unknown-unknown = None
  cargo:rerun-if-env-changed=CC_ENABLE_DEBUG_OUTPUT
  cargo:rerun-if-env-changed=CRATE_CC_NO_DEFAULTS
  CRATE_CC_NO_DEFAULTS = None
  cargo:rerun-if-env-changed=CFLAGS
  CFLAGS = Some(-include string.h)
  cargo:rerun-if-env-changed=CC_SHELL_ESCAPED_FLAGS
  CC_SHELL_ESCAPED_FLAGS = None
  cargo:rerun-if-env-changed=TARGET_CFLAGS
  TARGET_CFLAGS = None
  cargo:rerun-if-env-changed=CFLAGS_wasm32_unknown_unknown
  CFLAGS_wasm32_unknown_unknown = None
  cargo:rerun-if-env-changed=CFLAGS_wasm32-unknown-unknown
  CFLAGS_wasm32-unknown-unknown = None
  cargo:rerun-if-env-changed=CC_wasm32-unknown-unknown
  CC_wasm32-unknown-unknown = None
  cargo:rerun-if-env-changed=CC_wasm32_unknown_unknown
  CC_wasm32_unknown_unknown = None
  cargo:rerun-if-env-changed=TARGET_CC
  TARGET_CC = None
  cargo:rerun-if-env-changed=CC
  CC = None
  cargo:rerun-if-env-changed=CRATE_CC_NO_DEFAULTS
  CRATE_CC_NO_DEFAULTS = None
  cargo:rerun-if-env-changed=CFLAGS
  CFLAGS = Some(-include string.h)
  cargo:rerun-if-env-changed=CC_SHELL_ESCAPED_FLAGS
  CC_SHELL_ESCAPED_FLAGS = None
  cargo:rerun-if-env-changed=TARGET_CFLAGS
  TARGET_CFLAGS = None
  cargo:rerun-if-env-changed=CFLAGS_wasm32_unknown_unknown
  CFLAGS_wasm32_unknown_unknown = None
  cargo:rerun-if-env-changed=CFLAGS_wasm32-unknown-unknown
  CFLAGS_wasm32-unknown-unknown = None
  cargo:rerun-if-env-changed=CC_wasm32-unknown-unknown
  CC_wasm32-unknown-unknown = None
  cargo:rerun-if-env-changed=CC_wasm32_unknown_unknown
  CC_wasm32_unknown_unknown = None
  cargo:rerun-if-env-changed=TARGET_CC
  TARGET_CC = None
  cargo:rerun-if-env-changed=CC
  CC = None
  cargo:rerun-if-env-changed=CRATE_CC_NO_DEFAULTS
  CRATE_CC_NO_DEFAULTS = None
  cargo:rerun-if-env-changed=CFLAGS
  CFLAGS = Some(-include string.h)
  cargo:rerun-if-env-changed=CC_SHELL_ESCAPED_FLAGS
  CC_SHELL_ESCAPED_FLAGS = None
  cargo:rerun-if-env-changed=TARGET_CFLAGS
  TARGET_CFLAGS = None
  cargo:rerun-if-env-changed=CFLAGS_wasm32_unknown_unknown
  CFLAGS_wasm32_unknown_unknown = None
  cargo:rerun-if-env-changed=CFLAGS_wasm32-unknown-unknown
  CFLAGS_wasm32-unknown-unknown = None
  cargo:rerun-if-env-changed=CC_wasm32-unknown-unknown
  CC_wasm32-unknown-unknown = None
  cargo:rerun-if-env-changed=CC_wasm32_unknown_unknown
  CC_wasm32_unknown_unknown = None
  cargo:rerun-if-env-changed=TARGET_CC
  TARGET_CC = None
  cargo:rerun-if-env-changed=CC
  CC = None
  cargo:rerun-if-env-changed=CRATE_CC_NO_DEFAULTS
  CRATE_CC_NO_DEFAULTS = None
  cargo:rerun-if-env-changed=CFLAGS
  CFLAGS = Some(-include string.h)
  cargo:rerun-if-env-changed=CC_SHELL_ESCAPED_FLAGS
  CC_SHELL_ESCAPED_FLAGS = None
  cargo:rerun-if-env-changed=TARGET_CFLAGS
  TARGET_CFLAGS = None
  cargo:rerun-if-env-changed=CFLAGS_wasm32_unknown_unknown
  CFLAGS_wasm32_unknown_unknown = None
  cargo:rerun-if-env-changed=CFLAGS_wasm32-unknown-unknown
  CFLAGS_wasm32-unknown-unknown = None
  cargo:rerun-if-env-changed=CC_wasm32-unknown-unknown
  CC_wasm32-unknown-unknown = None
  cargo:rerun-if-env-changed=CC_wasm32_unknown_unknown
  CC_wasm32_unknown_unknown = None
  cargo:rerun-if-env-changed=TARGET_CC
  TARGET_CC = None
  cargo:rerun-if-env-changed=CC
  CC = None
  cargo:rerun-if-env-changed=CRATE_CC_NO_DEFAULTS
  CRATE_CC_NO_DEFAULTS = None
  cargo:rerun-if-env-changed=CFLAGS
  CFLAGS = Some(-include string.h)
  cargo:rerun-if-env-changed=CC_SHELL_ESCAPED_FLAGS
  CC_SHELL_ESCAPED_FLAGS = None
  cargo:rerun-if-env-changed=TARGET_CFLAGS
  TARGET_CFLAGS = None
  cargo:rerun-if-env-changed=CFLAGS_wasm32_unknown_unknown
  CFLAGS_wasm32_unknown_unknown = None
  cargo:rerun-if-env-changed=CFLAGS_wasm32-unknown-unknown
  CFLAGS_wasm32-unknown-unknown = None
  cargo:warning=In file included from depend/secp256k1/src/secp256k1.c:39:
  cargo:warning=depend/secp256k1/src/hsort_impl.h:30:5: error: call to undeclared library function 'memmove' with type 'void *(void *, const void *, unsigned long)'; ISO C99 and later do not support implicit function declarations [-Wimplicit-function-declaration]
  cargo:warning=   30 |     memmove(a, b, len);
  cargo:warning=      |     ^
  cargo:warning=depend/secp256k1/src/hsort_impl.h:30:5: note: include the header <string.h> or explicitly provide a declaration for 'memmove'
  cargo:warning=1 error generated.
  cargo:rerun-if-env-changed=CC_FORCE_DISABLE
  CC_FORCE_DISABLE = None
  cargo:rerun-if-env-changed=CC_wasm32-unknown-unknown
  CC_wasm32-unknown-unknown = None
  cargo:rerun-if-env-changed=CC_wasm32_unknown_unknown
  CC_wasm32_unknown_unknown = None
  cargo:rerun-if-env-changed=TARGET_CC
  TARGET_CC = None
  cargo:rerun-if-env-changed=CC
  CC = None
  cargo:rerun-if-env-changed=CRATE_CC_NO_DEFAULTS
  CRATE_CC_NO_DEFAULTS = None
  cargo:rerun-if-env-changed=CFLAGS
  CFLAGS = Some(-include string.h)
  cargo:rerun-if-env-changed=CC_SHELL_ESCAPED_FLAGS
  CC_SHELL_ESCAPED_FLAGS = None
  cargo:rerun-if-env-changed=TARGET_CFLAGS
  TARGET_CFLAGS = None
  cargo:rerun-if-env-changed=CFLAGS_wasm32_unknown_unknown
  CFLAGS_wasm32_unknown_unknown = None
  cargo:rerun-if-env-changed=CFLAGS_wasm32-unknown-unknown
  CFLAGS_wasm32-unknown-unknown = None
  cargo:rerun-if-env-changed=CC_wasm32-unknown-unknown
  CC_wasm32-unknown-unknown = None
  cargo:rerun-if-env-changed=CC_wasm32_unknown_unknown
  CC_wasm32_unknown_unknown = None
  cargo:rerun-if-env-changed=TARGET_CC
  TARGET_CC = None
  cargo:rerun-if-env-changed=CC
  CC = None
  cargo:rerun-if-env-changed=CRATE_CC_NO_DEFAULTS
  CRATE_CC_NO_DEFAULTS = None
  cargo:rerun-if-env-changed=CFLAGS
  CFLAGS = Some(-include string.h)
  cargo:rerun-if-env-changed=CC_SHELL_ESCAPED_FLAGS
  CC_SHELL_ESCAPED_FLAGS = None
  cargo:rerun-if-env-changed=TARGET_CFLAGS
  TARGET_CFLAGS = None
  cargo:rerun-if-env-changed=CFLAGS_wasm32_unknown_unknown
  CFLAGS_wasm32_unknown_unknown = None
  cargo:rerun-if-env-changed=CFLAGS_wasm32-unknown-unknown
  CFLAGS_wasm32-unknown-unknown = None
  cargo:rerun-if-env-changed=CC_wasm32-unknown-unknown
  CC_wasm32-unknown-unknown = None
  cargo:rerun-if-env-changed=CC_wasm32_unknown_unknown
  CC_wasm32_unknown_unknown = None
  cargo:rerun-if-env-changed=TARGET_CC
  TARGET_CC = None
  cargo:rerun-if-env-changed=CC
  CC = None
  cargo:rerun-if-env-changed=CRATE_CC_NO_DEFAULTS
  CRATE_CC_NO_DEFAULTS = None
  cargo:rerun-if-env-changed=CFLAGS
  CFLAGS = Some(-include string.h)
  cargo:rerun-if-env-changed=CC_SHELL_ESCAPED_FLAGS
  CC_SHELL_ESCAPED_FLAGS = None
  cargo:rerun-if-env-changed=TARGET_CFLAGS
  TARGET_CFLAGS = None
  cargo:rerun-if-env-changed=CFLAGS_wasm32_unknown_unknown
  CFLAGS_wasm32_unknown_unknown = None
  cargo:rerun-if-env-changed=CFLAGS_wasm32-unknown-unknown
  CFLAGS_wasm32-unknown-unknown = None
  cargo:rerun-if-env-changed=CC_wasm32-unknown-unknown
  CC_wasm32-unknown-unknown = None
  cargo:rerun-if-env-changed=CC_wasm32_unknown_unknown
  CC_wasm32_unknown_unknown = None
  cargo:rerun-if-env-changed=TARGET_CC
  TARGET_CC = None
  cargo:rerun-if-env-changed=CC
  CC = None
  cargo:rerun-if-env-changed=CRATE_CC_NO_DEFAULTS
  CRATE_CC_NO_DEFAULTS = None
  cargo:rerun-if-env-changed=CFLAGS
  CFLAGS = Some(-include string.h)
  cargo:rerun-if-env-changed=CC_SHELL_ESCAPED_FLAGS
  CC_SHELL_ESCAPED_FLAGS = None
  cargo:rerun-if-env-changed=TARGET_CFLAGS
  TARGET_CFLAGS = None
  cargo:rerun-if-env-changed=CFLAGS_wasm32_unknown_unknown
  CFLAGS_wasm32_unknown_unknown = None
  cargo:rerun-if-env-changed=CFLAGS_wasm32-unknown-unknown
  CFLAGS_wasm32-unknown-unknown = None
  cargo:rerun-if-env-changed=CC_wasm32-unknown-unknown
  CC_wasm32-unknown-unknown = None
  cargo:rerun-if-env-changed=CC_wasm32_unknown_unknown
  CC_wasm32_unknown_unknown = None
  cargo:rerun-if-env-changed=TARGET_CC
  TARGET_CC = None
  cargo:rerun-if-env-changed=CC
  CC = None
  cargo:rerun-if-env-changed=CRATE_CC_NO_DEFAULTS
  CRATE_CC_NO_DEFAULTS = None
  cargo:rerun-if-env-changed=CFLAGS
  CFLAGS = Some(-include string.h)
  cargo:rerun-if-env-changed=CC_SHELL_ESCAPED_FLAGS
  CC_SHELL_ESCAPED_FLAGS = None
  cargo:rerun-if-env-changed=TARGET_CFLAGS
  TARGET_CFLAGS = None
  cargo:rerun-if-env-changed=CFLAGS_wasm32_unknown_unknown
  CFLAGS_wasm32_unknown_unknown = None
  cargo:rerun-if-env-changed=CFLAGS_wasm32-unknown-unknown
  CFLAGS_wasm32-unknown-unknown = None
  cargo:warning=In file included from depend/secp256k1/src/secp256k1.c:39:
  cargo:warning=depend/secp256k1/src/hsort_impl.h:30:5: error: call to undeclared library function 'memmove' with type 'void *(void *, const void *, unsigned long)'; ISO C99 and later do not support implicit function declarations [-Wimplicit-function-declaration]
  cargo:warning=   30 |     memmove(a, b, len);
  cargo:warning=      |     ^
  cargo:warning=depend/secp256k1/src/hsort_impl.h:30:5: note: include the header <string.h> or explicitly provide a declaration for 'memmove'
  cargo:warning=1 error generated.

  --- stderr


  error occurred in cc-rs: command did not execute successfully (status code exit status: 1): LC_ALL="C" "clang" "-O0" "-ffunction-sections" "-fdata-sections" "-g" "-fno-omit-frame-pointer" "--target=wasm32-unknown-unknown" "-I" "depend/secp256k1/" "-I" "depend/secp256k1/include" "-I" "depend/secp256k1/src" "-I" "wasm/wasm-sysroot" "-I" "wasm/wasm-sysroot" "-DSECP256K1_API=" "-DENABLE_MODULE_ECDH=1" "-DENABLE_MODULE_SCHNORRSIG=1" "-DENABLE_MODULE_EXTRAKEYS=1" "-DENABLE_MODULE_ELLSWIFT=1" "-Dprintf(...)=" "-DECMULT_GEN_PREC_BITS=4" "-DECMULT_WINDOW_SIZE=15" "-DUSE_EXTERNAL_DEFAULT_CALLBACKS=1" "-include" "string.h" "-o" "/app/target/wasm32-unknown-unknown/debug/build/secp256k1-sys-5d9c6d34a85f970a/out/fce6141bfa9bf74c-secp256k1.o" "-c" "depend/secp256k1/src/secp256k1.c"


warning: build failed, waiting for other jobs to finish...
